<?xml version="1.0" encoding="UTF-8"?>
<!-- Generated by org.testng.reporters.JUnitXMLReporter -->
<testsuite hostname="DESKTOP-ERBGCVT" ignored="3" name="Default test" tests="1" failures="0" timestamp="19 Mar 2018 11:40:39 GMT" time="11.944" errors="0">
  <testcase name="validEmailPassLogin" time="3.38" classname="SnapTrude.SeleniumTest.tests"/>
  <testcase name="emptyEmailValue" time="0.0" classname="SnapTrude.SeleniumTest.tests">
    <ignored/>
  </testcase> <!-- emptyEmailValue -->
  <testcase name="validEmailValue" time="0.0" classname="SnapTrude.SeleniumTest.tests">
    <ignored/>
  </testcase> <!-- validEmailValue -->
  <testcase name="invalidEmailValue" time="0.0" classname="SnapTrude.SeleniumTest.tests">
    <ignored/>
  </testcase> <!-- invalidEmailValue -->
</testsuite> <!-- Default test -->
