<?xml version="1.0" encoding="UTF-8"?>
<testng-results skipped="0" failed="0" ignored="3" total="4" passed="1">
  <reporter-output>
  </reporter-output>
  <suite name="Default suite" duration-ms="11944" started-at="2018-03-19T11:40:27Z" finished-at="2018-03-19T11:40:39Z">
    <groups>
    </groups>
    <test name="Default test" duration-ms="11944" started-at="2018-03-19T11:40:27Z" finished-at="2018-03-19T11:40:39Z">
      <class name="SnapTrude.SeleniumTest.tests">
        <test-method status="PASS" signature="beforeMethod()[pri:0, instance:SnapTrude.SeleniumTest.tests@91161c7]" name="beforeMethod" is-config="true" duration-ms="7872" started-at="2018-03-19T17:10:27Z" finished-at="2018-03-19T17:10:35Z">
          <reporter-output>
          </reporter-output>
        </test-method> <!-- beforeMethod -->
        <test-method status="PASS" signature="validEmailPassLogin()[pri:0, instance:SnapTrude.SeleniumTest.tests@91161c7]" name="validEmailPassLogin" duration-ms="3380" started-at="2018-03-19T17:10:35Z" finished-at="2018-03-19T17:10:38Z">
          <reporter-output>
          </reporter-output>
        </test-method> <!-- validEmailPassLogin -->
        <test-method status="PASS" signature="afterMethod()[pri:0, instance:SnapTrude.SeleniumTest.tests@91161c7]" name="afterMethod" is-config="true" duration-ms="657" started-at="2018-03-19T17:10:38Z" finished-at="2018-03-19T17:10:39Z">
          <reporter-output>
          </reporter-output>
        </test-method> <!-- afterMethod -->
      </class> <!-- SnapTrude.SeleniumTest.tests -->
    </test> <!-- Default test -->
  </suite> <!-- Default suite -->
</testng-results>
